<?xml version="1.0" encoding="UTF-8"?>
<!-- Generated by org.testng.reporters.JUnitReportReporter -->
<testsuite hostname="DavronsL" failures="0" tests="1" name="testcases.Sauselabs" time="6.056" errors="0" timestamp="2024-10-15T21:07:50 EDT" skipped="0">
  <testcase classname="testcases.Sauselabs" name="Login" time="6.056"/>
</testsuite> <!-- testcases.Sauselabs -->
